==================== Test output for //tests/Examples/openfhe/ckks/mnist:mnist_test_layer1:
Running tests under Python 3.11.13: /home/jeremy/.cache/bazel/_bazel_jeremy/e277295088d04c0159f6a6b13bfda3fd/sandbox/processwrapper-sandbox/8845/execroot/_main/bazel-out/k8-dbg/bin/tests/Examples/openfhe/ckks/mnist/mnist_test_layer1.runfiles/rules_python++python+python_3_11_x86_64-unknown-linux-gnu/bin/python3
[ RUN      ] MNISTTest.test_run_test
[  FAILED  ] MNISTTest.test_run_test
======================================================================
FAIL: test_run_test (__main__.MNISTTest.test_run_test)
MNISTTest.test_run_test
----------------------------------------------------------------------
Traceback (most recent call last):
  File "/home/jeremy/.cache/bazel/_bazel_jeremy/e277295088d04c0159f6a6b13bfda3fd/sandbox/processwrapper-sandbox/8845/execroot/_main/bazel-out/k8-dbg/bin/tests/Examples/openfhe/ckks/mnist/mnist_test_layer1.runfiles/_main/tests/Examples/openfhe/ckks/mnist/mnist_test_layer1.py", line 148, in test_run_test
    self.assertTrue(False); # dummy to dump logs
    ^^^^^^^^^^^^^^^^^^^^^^
AssertionError: False is not true

----------------------------------------------------------------------
Ran 1 test in 516.200s

FAILED (failures=1)
Successfully loaded tests/Examples/common/mnist/data/traced_model.pt
Model parameters:
  model.0.weight: [512, 784]
  model.0.bias: [512]
  model.2.weight: [10, 512]
  model.2.bias: [10]
CPU time used: 126880.66 ms
output:
0, -1.114529
1, -4.291929
2, -4.677432
3, -1.066077
4, -3.428311
5, -2.115121
6, -2.479473
7, 6.087118
8, -2.045212
9, 2.146153
CPU time used: 123392.13 ms
output:
0, -0.421192
1, -2.335960
2, 10.809712
3, -5.756362
4, -11.330153
5, 2.796868
6, -9.413978
7, -7.641119
8, 6.577792
9, -2.776271
CPU time used: 125971.87 ms
output:
0, 0.011383
1, 6.587174
2, 0.821547
3, -7.520698
4, 4.171490
5, -3.873448
6, 0.209216
7, 1.469247
8, -0.095055
9, -1.110379
CPU time used: 124395.42 ms
output:
0, 1.579512
1, 4.437571
2, -9.505672
3, -18.750622
4, 6.258945
5, -1.030284
6, 11.164899
7, -8.273900
8, -0.993672
9, 2.323944
================================================================================
//tests/Examples/openfhe/ckks/mnist:mnist_test_layer1                    FAILED in 520.0s
  /home/jeremy/.cache/bazel/_bazel_jeremy/e277295088d04c0159f6a6b13bfda3fd/execroot/_main/bazel-out/k8-dbg/testlogs/tests/Examples/openfhe/ckks/mnist/mnist_test_layer1/test.log

Executed 1 out of 1 test: 1 fails locally.
